<?xml version="1.0" encoding="UTF-8"?>
<!-- Generated by org.testng.reporters.JUnitXMLReporter -->
<testsuite hostname="TNLT600" ignored="0" name="Command line test" tests="2" failures="2" timestamp="2022-04-18T01:09:16 WAT" time="7.193" errors="0">
  <testcase name="contolerSaisieKo" time="2.476" classname="tests.ControlerSaisieTest">
    <failure type="org.openqa.selenium.NoSuchWindowException" message="no such window: target window already closed
from unknown error: web view not found
  (Session info: chrome=100.0.4896.88)
Build info: version: &amp;apos;4.1.2&amp;apos;, revision: &amp;apos;9a5a329c5a&amp;apos;
System info: host: &amp;apos;TNLT600&amp;apos;, ip: &amp;apos;10.1.253.6&amp;apos;, os.name: &amp;apos;Windows 10&amp;apos;, os.arch: &amp;apos;amd64&amp;apos;, os.version: &amp;apos;10.0&amp;apos;, java.version: &amp;apos;1.8.0_181&amp;apos;
Driver info: org.openqa.selenium.chrome.ChromeDriver
Command: [efd54a5926d6adcc7545389db6443e5b, get {url=http://10.2.140.176/chrysalide-frontend/#/homepage/edit-0/(projet:projet/search-project)}]
Capabilities {acceptInsecureCerts: false, browserName: chrome, browserVersion: 100.0.4896.88, chrome: {chromedriverVersion: 99.0.4844.51 (d537ec02474b5..., userDataDir: C:\Users\MSROMD~1\AppData\L...}, goog:chromeOptions: {debuggerAddress: localhost:56818}, javascriptEnabled: true, networkConnectionEnabled: false, pageLoadStrategy: normal, platform: WINDOWS, platformName: WINDOWS, proxy: Proxy(), se:cdp: ws://localhost:56818/devtoo..., se:cdpVersion: 100.0.4896.88, setWindowRect: true, strictFileInteractability: false, timeouts: {implicit: 0, pageLoad: 300000, script: 30000}, unhandledPromptBehavior: dismiss and notify, webauthn:extension:credBlob: true, webauthn:extension:largeBlob: true, webauthn:virtualAuthenticators: true}
Session ID: efd54a5926d6adcc7545389db6443e5b">
      <![CDATA[org.openqa.selenium.NoSuchWindowException: no such window: target window already closed
from unknown error: web view not found
  (Session info: chrome=100.0.4896.88)
Build info: version: '4.1.2', revision: '9a5a329c5a'
System info: host: 'TNLT600', ip: '10.1.253.6', os.name: 'Windows 10', os.arch: 'amd64', os.version: '10.0', java.version: '1.8.0_181'
Driver info: org.openqa.selenium.chrome.ChromeDriver
Command: [efd54a5926d6adcc7545389db6443e5b, get {url=http://10.2.140.176/chrysalide-frontend/#/homepage/edit-0/(projet:projet/search-project)}]
Capabilities {acceptInsecureCerts: false, browserName: chrome, browserVersion: 100.0.4896.88, chrome: {chromedriverVersion: 99.0.4844.51 (d537ec02474b5..., userDataDir: C:\Users\MSROMD~1\AppData\L...}, goog:chromeOptions: {debuggerAddress: localhost:56818}, javascriptEnabled: true, networkConnectionEnabled: false, pageLoadStrategy: normal, platform: WINDOWS, platformName: WINDOWS, proxy: Proxy(), se:cdp: ws://localhost:56818/devtoo..., se:cdpVersion: 100.0.4896.88, setWindowRect: true, strictFileInteractability: false, timeouts: {implicit: 0, pageLoad: 300000, script: 30000}, unhandledPromptBehavior: dismiss and notify, webauthn:extension:credBlob: true, webauthn:extension:largeBlob: true, webauthn:virtualAuthenticators: true}
Session ID: efd54a5926d6adcc7545389db6443e5b
at org.openqa.selenium.remote.codec.w3c.W3CHttpResponseCodec.createException(W3CHttpResponseCodec.java:200)
at org.openqa.selenium.remote.codec.w3c.W3CHttpResponseCodec.decode(W3CHttpResponseCodec.java:133)
at org.openqa.selenium.remote.codec.w3c.W3CHttpResponseCodec.decode(W3CHttpResponseCodec.java:53)
at org.openqa.selenium.remote.HttpCommandExecutor.execute(HttpCommandExecutor.java:184)
at org.openqa.selenium.remote.service.DriverCommandExecutor.invokeExecute(DriverCommandExecutor.java:167)
at org.openqa.selenium.remote.service.DriverCommandExecutor.execute(DriverCommandExecutor.java:142)
at org.openqa.selenium.remote.RemoteWebDriver.execute(RemoteWebDriver.java:558)
at org.openqa.selenium.remote.RemoteWebDriver.get(RemoteWebDriver.java:327)
at pages.LoginPage.clickLogin(LoginPage.java:39)
at tests.ControlerSaisieTest.contolerSaisieKo(ControlerSaisieTest.java:104)
at java.util.ArrayList.forEach(ArrayList.java:1257)
at tests.TestRunner.main(TestRunner.java:14)
... Removed 28 stack frames]]>
    </failure>
  </testcase> <!-- contolerSaisieKo -->
  <testcase name="contolerSaisieSucess" time="0.033" classname="tests.ControlerSaisieTest">
    <failure type="org.openqa.selenium.NoSuchWindowException" message="no such window: target window already closed
from unknown error: web view not found
  (Session info: chrome=100.0.4896.88)
Build info: version: &amp;apos;4.1.2&amp;apos;, revision: &amp;apos;9a5a329c5a&amp;apos;
System info: host: &amp;apos;TNLT600&amp;apos;, ip: &amp;apos;10.1.253.6&amp;apos;, os.name: &amp;apos;Windows 10&amp;apos;, os.arch: &amp;apos;amd64&amp;apos;, os.version: &amp;apos;10.0&amp;apos;, java.version: &amp;apos;1.8.0_181&amp;apos;
Driver info: org.openqa.selenium.chrome.ChromeDriver
Command: [efd54a5926d6adcc7545389db6443e5b, get {url=http://10.2.140.157/auth/realms/GENERALI/protocol/openid-connect/auth?response_type=code&amp;amp;client_id=public-client&amp;amp;state=YnozY2dFRnctamJybWNZQ25hNVhMQ2hnQUttdG8xUUR6Ry5PR1FTRXo3ZzdC&amp;amp;redirect_uri=http%3A%2F%2F10.1.144.54%2F&amp;amp;scope=group%20openid%20profile%20email%20offline_access&amp;amp;code_challenge=qns5yIxHbxKtpSBNbC3eM61W26dhowwXJccQaUcsxLk&amp;amp;code_challenge_method=S256&amp;amp;nonce=YnozY2dFRnctamJybWNZQ25hNVhMQ2hnQUttdG8xUUR6Ry5PR1FTRXo3ZzdC}]
Capabilities {acceptInsecureCerts: false, browserName: chrome, browserVersion: 100.0.4896.88, chrome: {chromedriverVersion: 99.0.4844.51 (d537ec02474b5..., userDataDir: C:\Users\MSROMD~1\AppData\L...}, goog:chromeOptions: {debuggerAddress: localhost:56818}, javascriptEnabled: true, networkConnectionEnabled: false, pageLoadStrategy: normal, platform: WINDOWS, platformName: WINDOWS, proxy: Proxy(), se:cdp: ws://localhost:56818/devtoo..., se:cdpVersion: 100.0.4896.88, setWindowRect: true, strictFileInteractability: false, timeouts: {implicit: 0, pageLoad: 300000, script: 30000}, unhandledPromptBehavior: dismiss and notify, webauthn:extension:credBlob: true, webauthn:extension:largeBlob: true, webauthn:virtualAuthenticators: true}
Session ID: efd54a5926d6adcc7545389db6443e5b">
      <![CDATA[org.openqa.selenium.NoSuchWindowException: no such window: target window already closed
from unknown error: web view not found
  (Session info: chrome=100.0.4896.88)
Build info: version: '4.1.2', revision: '9a5a329c5a'
System info: host: 'TNLT600', ip: '10.1.253.6', os.name: 'Windows 10', os.arch: 'amd64', os.version: '10.0', java.version: '1.8.0_181'
Driver info: org.openqa.selenium.chrome.ChromeDriver
Command: [efd54a5926d6adcc7545389db6443e5b, get {url=http://10.2.140.157/auth/realms/GENERALI/protocol/openid-connect/auth?response_type=code&client_id=public-client&state=YnozY2dFRnctamJybWNZQ25hNVhMQ2hnQUttdG8xUUR6Ry5PR1FTRXo3ZzdC&redirect_uri=http%3A%2F%2F10.1.144.54%2F&scope=group%20openid%20profile%20email%20offline_access&code_challenge=qns5yIxHbxKtpSBNbC3eM61W26dhowwXJccQaUcsxLk&code_challenge_method=S256&nonce=YnozY2dFRnctamJybWNZQ25hNVhMQ2hnQUttdG8xUUR6Ry5PR1FTRXo3ZzdC}]
Capabilities {acceptInsecureCerts: false, browserName: chrome, browserVersion: 100.0.4896.88, chrome: {chromedriverVersion: 99.0.4844.51 (d537ec02474b5..., userDataDir: C:\Users\MSROMD~1\AppData\L...}, goog:chromeOptions: {debuggerAddress: localhost:56818}, javascriptEnabled: true, networkConnectionEnabled: false, pageLoadStrategy: normal, platform: WINDOWS, platformName: WINDOWS, proxy: Proxy(), se:cdp: ws://localhost:56818/devtoo..., se:cdpVersion: 100.0.4896.88, setWindowRect: true, strictFileInteractability: false, timeouts: {implicit: 0, pageLoad: 300000, script: 30000}, unhandledPromptBehavior: dismiss and notify, webauthn:extension:credBlob: true, webauthn:extension:largeBlob: true, webauthn:virtualAuthenticators: true}
Session ID: efd54a5926d6adcc7545389db6443e5b
at org.openqa.selenium.remote.codec.w3c.W3CHttpResponseCodec.createException(W3CHttpResponseCodec.java:200)
at org.openqa.selenium.remote.codec.w3c.W3CHttpResponseCodec.decode(W3CHttpResponseCodec.java:133)
at org.openqa.selenium.remote.codec.w3c.W3CHttpResponseCodec.decode(W3CHttpResponseCodec.java:53)
at org.openqa.selenium.remote.HttpCommandExecutor.execute(HttpCommandExecutor.java:184)
at org.openqa.selenium.remote.service.DriverCommandExecutor.invokeExecute(DriverCommandExecutor.java:167)
at org.openqa.selenium.remote.service.DriverCommandExecutor.execute(DriverCommandExecutor.java:142)
at org.openqa.selenium.remote.RemoteWebDriver.execute(RemoteWebDriver.java:558)
at org.openqa.selenium.remote.RemoteWebDriver.get(RemoteWebDriver.java:327)
at tests.ControlerSaisieTest.contolerSaisieSucess(ControlerSaisieTest.java:56)
at java.util.ArrayList.forEach(ArrayList.java:1257)
at tests.TestRunner.main(TestRunner.java:14)
... Removed 28 stack frames]]>
    </failure>
  </testcase> <!-- contolerSaisieSucess -->
</testsuite> <!-- Command line test -->
